<?xml version="1.0" encoding="UTF-8"?>
<!-- Generated by org.testng.reporters.JUnitReportReporter -->
<testsuite skipped="0" hostname="DESKTOP-KAHI28I" name="sanity.StudetListApi" tests="4" failures="0" timestamp="2022-02-27T13:51:04 IST" time="2.564" errors="0">
  <testcase name="test02_AddStudentAndVerify" time="0.230" classname="sanity.StudetListApi"/>
  <testcase name="test01_verifyStudent" time="1.972" classname="sanity.StudetListApi"/>
  <testcase name="test03_UpdateDtudentAndVerify" time="0.187" classname="sanity.StudetListApi"/>
  <testcase name="test04_DeleteStudent" time="0.175" classname="sanity.StudetListApi"/>
</testsuite> <!-- sanity.StudetListApi -->
