<?xml version="1.0" encoding="UTF-8"?>
<!-- Generated by org.testng.reporters.JUnitReportReporter -->
<testsuite skipped="0" hostname="DESKTOP-KAHI28I" name="sanity.ParabankWebDB" tests="1" failures="0" timestamp="2022-02-27T14:09:10 IST" time="2.508" errors="0">
  <testcase name="test01_loginDBandVerifyHeader" time="2.508" classname="sanity.ParabankWebDB"/>
</testsuite> <!-- sanity.ParabankWebDB -->
